Copyright 1986-2018 Xilinx, Inc. All Rights Reserved.
-----------------------------------------------------------------------------------------------------------------------------------------------
| Tool Version : Vivado v.2018.3 (win64) Build 2405991 Thu Dec  6 23:38:27 MST 2018
| Date         : Fri Apr 19 20:36:47 2024
| Host         : DESKTOP-NM8ULCN running 64-bit major release  (build 9200)
| Command      : report_methodology -file rtc_methodology_drc_routed.rpt -pb rtc_methodology_drc_routed.pb -rpx rtc_methodology_drc_routed.rpx
| Design       : rtc
| Device       : xc7a100tcsg324-1
| Speed File   : -1
| Design State : Fully Routed
-----------------------------------------------------------------------------------------------------------------------------------------------

Report Methodology

Table of Contents
-----------------
1. REPORT SUMMARY
2. REPORT DETAILS

1. REPORT SUMMARY
-----------------
            Netlist: netlist
          Floorplan: design_1
      Design limits: <entire design considered>
             Max violations: <unlimited>
             Violations found: 77
+-----------+----------+-------------------------------+------------+
| Rule      | Severity | Description                   | Violations |
+-----------+----------+-------------------------------+------------+
| LUTAR-1   | Warning  | LUT drives async reset alert  | 12         |
| TIMING-17 | Warning  | Non-clocked sequential cell   | 33         |
| TIMING-18 | Warning  | Missing input or output delay | 4          |
| TIMING-20 | Warning  | Non-clocked latch             | 28         |
+-----------+----------+-------------------------------+------------+

2. REPORT DETAILS
-----------------
LUTAR-1#1 Warning
LUT drives async reset alert  
LUT cell counter/seg_digit_reg[4]_i_3, with 2 or more inputs, drives asynchronous preset/clear pin(s) d1/seg_digit_reg[4]/CLR, d1/seg_digit_reg[0]/PRE. The LUT may glitch and trigger an unexpected reset, even if it is a properly timed path.
Related violations: <none>

LUTAR-1#2 Warning
LUT drives async reset alert  
LUT cell counter/seg_digit_reg[5]_i_3, with 2 or more inputs, drives asynchronous preset/clear pin(s) d1/seg_digit_reg[5]/CLR. The LUT may glitch and trigger an unexpected reset, even if it is a properly timed path.
Related violations: <none>

LUTAR-1#3 Warning
LUT drives async reset alert  
LUT cell counter/seg_digit_reg[6]_i_3, with 2 or more inputs, drives asynchronous preset/clear pin(s) d1/seg_digit_reg[1]/CLR, d1/seg_digit_reg[2]/CLR, d1/seg_digit_reg[3]/CLR, d1/seg_digit_reg[6]/CLR. The LUT may glitch and trigger an unexpected reset, even if it is a properly timed path.
Related violations: <none>

LUTAR-1#4 Warning
LUT drives async reset alert  
LUT cell decoder/seg_digit_reg[4]_i_3__0, with 2 or more inputs, drives asynchronous preset/clear pin(s) d3/seg_digit_reg[4]/CLR, d3/seg_digit_reg[0]/PRE. The LUT may glitch and trigger an unexpected reset, even if it is a properly timed path.
Related violations: <none>

LUTAR-1#5 Warning
LUT drives async reset alert  
LUT cell decoder/seg_digit_reg[4]_i_3__1, with 2 or more inputs, drives asynchronous preset/clear pin(s) d2/seg_digit_reg[4]/CLR, d2/seg_digit_reg[0]/PRE. The LUT may glitch and trigger an unexpected reset, even if it is a properly timed path.
Related violations: <none>

LUTAR-1#6 Warning
LUT drives async reset alert  
LUT cell decoder/seg_digit_reg[4]_i_3__2, with 2 or more inputs, drives asynchronous preset/clear pin(s) d4/seg_digit_reg[4]/CLR, d4/seg_digit_reg[0]/PRE. The LUT may glitch and trigger an unexpected reset, even if it is a properly timed path.
Related violations: <none>

LUTAR-1#7 Warning
LUT drives async reset alert  
LUT cell decoder/seg_digit_reg[5]_i_3__0, with 2 or more inputs, drives asynchronous preset/clear pin(s) d3/seg_digit_reg[5]/CLR. The LUT may glitch and trigger an unexpected reset, even if it is a properly timed path.
Related violations: <none>

LUTAR-1#8 Warning
LUT drives async reset alert  
LUT cell decoder/seg_digit_reg[5]_i_3__1, with 2 or more inputs, drives asynchronous preset/clear pin(s) d2/seg_digit_reg[5]/CLR. The LUT may glitch and trigger an unexpected reset, even if it is a properly timed path.
Related violations: <none>

LUTAR-1#9 Warning
LUT drives async reset alert  
LUT cell decoder/seg_digit_reg[5]_i_3__2, with 2 or more inputs, drives asynchronous preset/clear pin(s) d4/seg_digit_reg[5]/CLR. The LUT may glitch and trigger an unexpected reset, even if it is a properly timed path.
Related violations: <none>

LUTAR-1#10 Warning
LUT drives async reset alert  
LUT cell decoder/seg_digit_reg[6]_i_3__0, with 2 or more inputs, drives asynchronous preset/clear pin(s) d3/seg_digit_reg[1]/CLR, d3/seg_digit_reg[2]/CLR, d3/seg_digit_reg[3]/CLR, d3/seg_digit_reg[6]/CLR. The LUT may glitch and trigger an unexpected reset, even if it is a properly timed path.
Related violations: <none>

LUTAR-1#11 Warning
LUT drives async reset alert  
LUT cell decoder/seg_digit_reg[6]_i_3__1, with 2 or more inputs, drives asynchronous preset/clear pin(s) d2/seg_digit_reg[1]/CLR, d2/seg_digit_reg[2]/CLR, d2/seg_digit_reg[3]/CLR, d2/seg_digit_reg[6]/CLR. The LUT may glitch and trigger an unexpected reset, even if it is a properly timed path.
Related violations: <none>

LUTAR-1#12 Warning
LUT drives async reset alert  
LUT cell decoder/seg_digit_reg[6]_i_3__2, with 2 or more inputs, drives asynchronous preset/clear pin(s) d4/seg_digit_reg[1]/CLR, d4/seg_digit_reg[2]/CLR, d4/seg_digit_reg[3]/CLR, d4/seg_digit_reg[6]/CLR. The LUT may glitch and trigger an unexpected reset, even if it is a properly timed path.
Related violations: <none>

TIMING-17#1 Warning
Non-clocked sequential cell  
The clock pin counter/seconds_reg[0]/C is not reached by a timing clock
Related violations: <none>

TIMING-17#2 Warning
Non-clocked sequential cell  
The clock pin counter/seconds_reg[10]/C is not reached by a timing clock
Related violations: <none>

TIMING-17#3 Warning
Non-clocked sequential cell  
The clock pin counter/seconds_reg[11]/C is not reached by a timing clock
Related violations: <none>

TIMING-17#4 Warning
Non-clocked sequential cell  
The clock pin counter/seconds_reg[12]/C is not reached by a timing clock
Related violations: <none>

TIMING-17#5 Warning
Non-clocked sequential cell  
The clock pin counter/seconds_reg[13]/C is not reached by a timing clock
Related violations: <none>

TIMING-17#6 Warning
Non-clocked sequential cell  
The clock pin counter/seconds_reg[14]/C is not reached by a timing clock
Related violations: <none>

TIMING-17#7 Warning
Non-clocked sequential cell  
The clock pin counter/seconds_reg[15]/C is not reached by a timing clock
Related violations: <none>

TIMING-17#8 Warning
Non-clocked sequential cell  
The clock pin counter/seconds_reg[16]/C is not reached by a timing clock
Related violations: <none>

TIMING-17#9 Warning
Non-clocked sequential cell  
The clock pin counter/seconds_reg[17]/C is not reached by a timing clock
Related violations: <none>

TIMING-17#10 Warning
Non-clocked sequential cell  
The clock pin counter/seconds_reg[18]/C is not reached by a timing clock
Related violations: <none>

TIMING-17#11 Warning
Non-clocked sequential cell  
The clock pin counter/seconds_reg[1]/C is not reached by a timing clock
Related violations: <none>

TIMING-17#12 Warning
Non-clocked sequential cell  
The clock pin counter/seconds_reg[2]/C is not reached by a timing clock
Related violations: <none>

TIMING-17#13 Warning
Non-clocked sequential cell  
The clock pin counter/seconds_reg[3]/C is not reached by a timing clock
Related violations: <none>

TIMING-17#14 Warning
Non-clocked sequential cell  
The clock pin counter/seconds_reg[4]/C is not reached by a timing clock
Related violations: <none>

TIMING-17#15 Warning
Non-clocked sequential cell  
The clock pin counter/seconds_reg[5]/C is not reached by a timing clock
Related violations: <none>

TIMING-17#16 Warning
Non-clocked sequential cell  
The clock pin counter/seconds_reg[6]/C is not reached by a timing clock
Related violations: <none>

TIMING-17#17 Warning
Non-clocked sequential cell  
The clock pin counter/seconds_reg[7]/C is not reached by a timing clock
Related violations: <none>

TIMING-17#18 Warning
Non-clocked sequential cell  
The clock pin counter/seconds_reg[8]/C is not reached by a timing clock
Related violations: <none>

TIMING-17#19 Warning
Non-clocked sequential cell  
The clock pin counter/seconds_reg[9]/C is not reached by a timing clock
Related violations: <none>

TIMING-17#20 Warning
Non-clocked sequential cell  
The clock pin seg7/led7_an_o_reg[0]/C is not reached by a timing clock
Related violations: <none>

TIMING-17#21 Warning
Non-clocked sequential cell  
The clock pin seg7/led7_an_o_reg[1]/C is not reached by a timing clock
Related violations: <none>

TIMING-17#22 Warning
Non-clocked sequential cell  
The clock pin seg7/led7_an_o_reg[2]/C is not reached by a timing clock
Related violations: <none>

TIMING-17#23 Warning
Non-clocked sequential cell  
The clock pin seg7/led7_an_o_reg[3]/C is not reached by a timing clock
Related violations: <none>

TIMING-17#24 Warning
Non-clocked sequential cell  
The clock pin seg7/led7_seg_o_reg[0]/C is not reached by a timing clock
Related violations: <none>

TIMING-17#25 Warning
Non-clocked sequential cell  
The clock pin seg7/led7_seg_o_reg[1]/C is not reached by a timing clock
Related violations: <none>

TIMING-17#26 Warning
Non-clocked sequential cell  
The clock pin seg7/led7_seg_o_reg[2]/C is not reached by a timing clock
Related violations: <none>

TIMING-17#27 Warning
Non-clocked sequential cell  
The clock pin seg7/led7_seg_o_reg[3]/C is not reached by a timing clock
Related violations: <none>

TIMING-17#28 Warning
Non-clocked sequential cell  
The clock pin seg7/led7_seg_o_reg[4]/C is not reached by a timing clock
Related violations: <none>

TIMING-17#29 Warning
Non-clocked sequential cell  
The clock pin seg7/led7_seg_o_reg[5]/C is not reached by a timing clock
Related violations: <none>

TIMING-17#30 Warning
Non-clocked sequential cell  
The clock pin seg7/led7_seg_o_reg[6]/C is not reached by a timing clock
Related violations: <none>

TIMING-17#31 Warning
Non-clocked sequential cell  
The clock pin seg7/led7_seg_o_reg[7]/C is not reached by a timing clock
Related violations: <none>

TIMING-17#32 Warning
Non-clocked sequential cell  
The clock pin seg7/n_seg_reg[0]/C is not reached by a timing clock
Related violations: <none>

TIMING-17#33 Warning
Non-clocked sequential cell  
The clock pin seg7/n_seg_reg[1]/C is not reached by a timing clock
Related violations: <none>

TIMING-18#1 Warning
Missing input or output delay  
An input delay is missing on button_hr_i relative to clock(s) sys_clk_pin
Related violations: <none>

TIMING-18#2 Warning
Missing input or output delay  
An input delay is missing on button_min_i relative to clock(s) sys_clk_pin
Related violations: <none>

TIMING-18#3 Warning
Missing input or output delay  
An input delay is missing on button_test_i relative to clock(s) sys_clk_pin
Related violations: <none>

TIMING-18#4 Warning
Missing input or output delay  
An input delay is missing on rst_i relative to clock(s) sys_clk_pin
Related violations: <none>

TIMING-20#1 Warning
Non-clocked latch  
The latch d1/seg_digit_reg[0] cannot be properly analyzed as its control pin d1/seg_digit_reg[0]/G is not reached by a timing clock
Related violations: <none>

TIMING-20#2 Warning
Non-clocked latch  
The latch d1/seg_digit_reg[1] cannot be properly analyzed as its control pin d1/seg_digit_reg[1]/G is not reached by a timing clock
Related violations: <none>

TIMING-20#3 Warning
Non-clocked latch  
The latch d1/seg_digit_reg[2] cannot be properly analyzed as its control pin d1/seg_digit_reg[2]/G is not reached by a timing clock
Related violations: <none>

TIMING-20#4 Warning
Non-clocked latch  
The latch d1/seg_digit_reg[3] cannot be properly analyzed as its control pin d1/seg_digit_reg[3]/G is not reached by a timing clock
Related violations: <none>

TIMING-20#5 Warning
Non-clocked latch  
The latch d1/seg_digit_reg[4] cannot be properly analyzed as its control pin d1/seg_digit_reg[4]/G is not reached by a timing clock
Related violations: <none>

TIMING-20#6 Warning
Non-clocked latch  
The latch d1/seg_digit_reg[5] cannot be properly analyzed as its control pin d1/seg_digit_reg[5]/G is not reached by a timing clock
Related violations: <none>

TIMING-20#7 Warning
Non-clocked latch  
The latch d1/seg_digit_reg[6] cannot be properly analyzed as its control pin d1/seg_digit_reg[6]/G is not reached by a timing clock
Related violations: <none>

TIMING-20#8 Warning
Non-clocked latch  
The latch d2/seg_digit_reg[0] cannot be properly analyzed as its control pin d2/seg_digit_reg[0]/G is not reached by a timing clock
Related violations: <none>

TIMING-20#9 Warning
Non-clocked latch  
The latch d2/seg_digit_reg[1] cannot be properly analyzed as its control pin d2/seg_digit_reg[1]/G is not reached by a timing clock
Related violations: <none>

TIMING-20#10 Warning
Non-clocked latch  
The latch d2/seg_digit_reg[2] cannot be properly analyzed as its control pin d2/seg_digit_reg[2]/G is not reached by a timing clock
Related violations: <none>

TIMING-20#11 Warning
Non-clocked latch  
The latch d2/seg_digit_reg[3] cannot be properly analyzed as its control pin d2/seg_digit_reg[3]/G is not reached by a timing clock
Related violations: <none>

TIMING-20#12 Warning
Non-clocked latch  
The latch d2/seg_digit_reg[4] cannot be properly analyzed as its control pin d2/seg_digit_reg[4]/G is not reached by a timing clock
Related violations: <none>

TIMING-20#13 Warning
Non-clocked latch  
The latch d2/seg_digit_reg[5] cannot be properly analyzed as its control pin d2/seg_digit_reg[5]/G is not reached by a timing clock
Related violations: <none>

TIMING-20#14 Warning
Non-clocked latch  
The latch d2/seg_digit_reg[6] cannot be properly analyzed as its control pin d2/seg_digit_reg[6]/G is not reached by a timing clock
Related violations: <none>

TIMING-20#15 Warning
Non-clocked latch  
The latch d3/seg_digit_reg[0] cannot be properly analyzed as its control pin d3/seg_digit_reg[0]/G is not reached by a timing clock
Related violations: <none>

TIMING-20#16 Warning
Non-clocked latch  
The latch d3/seg_digit_reg[1] cannot be properly analyzed as its control pin d3/seg_digit_reg[1]/G is not reached by a timing clock
Related violations: <none>

TIMING-20#17 Warning
Non-clocked latch  
The latch d3/seg_digit_reg[2] cannot be properly analyzed as its control pin d3/seg_digit_reg[2]/G is not reached by a timing clock
Related violations: <none>

TIMING-20#18 Warning
Non-clocked latch  
The latch d3/seg_digit_reg[3] cannot be properly analyzed as its control pin d3/seg_digit_reg[3]/G is not reached by a timing clock
Related violations: <none>

TIMING-20#19 Warning
Non-clocked latch  
The latch d3/seg_digit_reg[4] cannot be properly analyzed as its control pin d3/seg_digit_reg[4]/G is not reached by a timing clock
Related violations: <none>

TIMING-20#20 Warning
Non-clocked latch  
The latch d3/seg_digit_reg[5] cannot be properly analyzed as its control pin d3/seg_digit_reg[5]/G is not reached by a timing clock
Related violations: <none>

TIMING-20#21 Warning
Non-clocked latch  
The latch d3/seg_digit_reg[6] cannot be properly analyzed as its control pin d3/seg_digit_reg[6]/G is not reached by a timing clock
Related violations: <none>

TIMING-20#22 Warning
Non-clocked latch  
The latch d4/seg_digit_reg[0] cannot be properly analyzed as its control pin d4/seg_digit_reg[0]/G is not reached by a timing clock
Related violations: <none>

TIMING-20#23 Warning
Non-clocked latch  
The latch d4/seg_digit_reg[1] cannot be properly analyzed as its control pin d4/seg_digit_reg[1]/G is not reached by a timing clock
Related violations: <none>

TIMING-20#24 Warning
Non-clocked latch  
The latch d4/seg_digit_reg[2] cannot be properly analyzed as its control pin d4/seg_digit_reg[2]/G is not reached by a timing clock
Related violations: <none>

TIMING-20#25 Warning
Non-clocked latch  
The latch d4/seg_digit_reg[3] cannot be properly analyzed as its control pin d4/seg_digit_reg[3]/G is not reached by a timing clock
Related violations: <none>

TIMING-20#26 Warning
Non-clocked latch  
The latch d4/seg_digit_reg[4] cannot be properly analyzed as its control pin d4/seg_digit_reg[4]/G is not reached by a timing clock
Related violations: <none>

TIMING-20#27 Warning
Non-clocked latch  
The latch d4/seg_digit_reg[5] cannot be properly analyzed as its control pin d4/seg_digit_reg[5]/G is not reached by a timing clock
Related violations: <none>

TIMING-20#28 Warning
Non-clocked latch  
The latch d4/seg_digit_reg[6] cannot be properly analyzed as its control pin d4/seg_digit_reg[6]/G is not reached by a timing clock
Related violations: <none>


